<?xml version="1.0" encoding="UTF-8"?>
<!-- Generated by org.testng.reporters.JUnitReportReporter -->
<testsuite name="SeleniumAssignments.SeleniumAssignments.TestCase13" tests="3" time="18.249" ignored="0" failures="0" timestamp="06 Apr 2021 16:04:29 GMT" skipped="0" hostname="BGLRT49500269" errors="0">
  <testcase name="Search" time="9.181" classname="SeleniumAssignments.SeleniumAssignments.TestCase13"/>
  <testcase name="Login" time="8.545" classname="SeleniumAssignments.SeleniumAssignments.TestCase13"/>
  <testcase name="Screenshot" time="0.523" classname="SeleniumAssignments.SeleniumAssignments.TestCase13"/>
</testsuite> <!-- SeleniumAssignments.SeleniumAssignments.TestCase13 -->
