<?xml version="1.0" encoding="UTF-8"?>
<!-- Generated by org.testng.reporters.JUnitReportReporter -->
<testsuite name="SeleniumAssignments.SeleniumAssignments.xpathSelector_TestCase15" tests="2" time="17.074" ignored="0" failures="0" timestamp="02 May 2021 17:47:13 GMT" skipped="0" hostname="BGLRT49500352" errors="0">
  <testcase name="Login" time="7.571" classname="SeleniumAssignments.SeleniumAssignments.xpathSelector_TestCase15"/>
  <testcase name="XPATh" time="9.503" classname="SeleniumAssignments.SeleniumAssignments.xpathSelector_TestCase15"/>
</testsuite> <!-- SeleniumAssignments.SeleniumAssignments.xpathSelector_TestCase15 -->
