<?xml version="1.0" encoding="UTF-8"?>
<!-- Generated by org.testng.reporters.JUnitReportReporter -->
<testsuite name="SeleniumAssignments.SeleniumAssignments.browserlaunchBeforesuite_TestCase6" tests="1" time="0.006" ignored="0" failures="0" timestamp="06 Apr 2021 14:16:10 GMT" skipped="0" hostname="BGLRT49500269" errors="0">
  <testcase name="beforeSuiteTest" time="0.006" classname="SeleniumAssignments.SeleniumAssignments.browserlaunchBeforesuite_TestCase6"/>
</testsuite> <!-- SeleniumAssignments.SeleniumAssignments.browserlaunchBeforesuite_TestCase6 -->
