<?xml version="1.0" encoding="UTF-8"?>
<!-- Generated by org.testng.reporters.JUnitReportReporter -->
<testsuite name="SeleniumAssignments.SeleniumAssignments.testMethod_TestCase7" tests="1" time="5.890" ignored="0" failures="0" timestamp="06 Apr 2021 14:22:15 GMT" skipped="0" hostname="BGLRT49500269" errors="0">
  <testcase name="StartTestStep2" time="5.890" classname="SeleniumAssignments.SeleniumAssignments.testMethod_TestCase7"/>
</testsuite> <!-- SeleniumAssignments.SeleniumAssignments.testMethod_TestCase7 -->
