<?xml version="1.0" encoding="UTF-8"?>
<!-- Generated by org.testng.reporters.JUnitReportReporter -->
<testsuite name="SeleniumAssignments.SeleniumAssignments.cssSelector_TestCase14" tests="2" time="24.541" ignored="0" failures="0" timestamp="06 Apr 2021 16:11:06 GMT" skipped="0" hostname="BGLRT49500269" errors="0">
  <testcase name="Login" time="8.943" classname="SeleniumAssignments.SeleniumAssignments.cssSelector_TestCase14"/>
  <testcase name="CSSSelectorlist" time="15.598" classname="SeleniumAssignments.SeleniumAssignments.cssSelector_TestCase14"/>
</testsuite> <!-- SeleniumAssignments.SeleniumAssignments.cssSelector_TestCase14 -->
